<?xml version="1.0" encoding="UTF-8"?><testsuite errors="0" failures="1" name="Verificar el diligenciamiento del formulario de registro" skipped="0" tests="1" time="18.57" timestamp="2022-02-16 08:12:25"><testcase name="diligenciamiento exitoso de datos personales"><failure message="The following error occurred: Expected enabled element was not enabled" type="net.thucydides.core.webdriver.exceptions.ElementShouldBeEnabledException">The following error occurred: Expected enabled element was not enabled</failure><system-err>The following error occurred: Expected enabled element was not enabled&#13;
co.com.choucair.certification.utest.tasks.Seleccionar.performAs(Seleccionar.java:22)&#13;
co.com.choucair.certification.utest.stepdefinitions.MyStepDefinitions.ingresaSuDateOfBirth(MyStepDefinitions.java:48)&#13;
cucumber.runner.Runner.runPickle(Runner.java:80)&#13;
</system-err></testcase></testsuite>